<?xml version="1.0" encoding="UTF-8"?>
<!-- Generated by org.testng.reporters.JUnitReportReporter -->
<testsuite hostname="WKWZTfZlPaWinwH" failures="0" tests="2" name="practice_Assessment.Task1" time="31.934" errors="0" timestamp="2022-12-05T18:54:14 IST" skipped="0">
  <testcase classname="practice_Assessment.Task1" name="Test2" time="14.608"/>
  <system-out/>
  <testcase classname="practice_Assessment.Task1" name="test1" time="17.326"/>
  <system-out/>
</testsuite> <!-- practice_Assessment.Task1 -->
