<?xml version="1.0" encoding="UTF-8"?>
<!-- Generated by org.testng.reporters.JUnitReportReporter -->
<testsuite hostname="WKWZTfZlPaWinwH" failures="0" tests="1" name="practice_Assessment.Task2" time="40.410" errors="0" timestamp="2022-12-05T18:54:14 IST" skipped="0">
  <testcase classname="practice_Assessment.Task2" name="test" time="40.410"/>
  <system-out/>
</testsuite> <!-- practice_Assessment.Task2 -->
