<?xml version="1.0" encoding="UTF-8"?>
<!-- Generated by org.testng.reporters.JUnitReportReporter -->
<testsuite hostname="WKWZTfZlPaWinwH" failures="0" tests="2" name="practice_Assessment.Task1" time="34.967" errors="0" timestamp="2022-12-05T19:02:29 IST" skipped="0">
  <testcase classname="practice_Assessment.Task1" name="Test2" time="12.708"/>
  <system-out/>
  <testcase classname="practice_Assessment.Task1" name="test1" time="22.259"/>
  <system-out/>
</testsuite> <!-- practice_Assessment.Task1 -->
